Base path: C:/Program Files (x86)/Unity/Editor/Data
Pipe name: \\.\pipe\UnityShaderCompiler-2-3100
Cmd: getPlatforms
Cmd: compileSnippet
  api=0 type=0 insize=4420 outsize=474 kw=DIRECTIONAL SHADOWS_OFF LIGHTMAP_ON DIRLIGHTMAP_OFF ok=1
Cmd: compileSnippet
  api=8 type=0 insize=4420 outsize=2633 kw=DIRECTIONAL SHADOWS_SCREEN LIGHTMAP_ON DIRLIGHTMAP_OFF ok=1
Cmd: compileSnippet
  api=4 type=0 insize=4420 outsize=4500 kw=DIRECTIONAL SHADOWS_OFF LIGHTMAP_OFF DIRLIGHTMAP_OFF VERTEXLIGHT_ON ok=1
Cmd: compileSnippet
  api=1 type=1 insize=4420 outsize=313 kw=DIRECTIONAL SHADOWS_OFF LIGHTMAP_ON DIRLIGHTMAP_OFF ok=1
Cmd: compileSnippet
  api=1 type=1 insize=4420 outsize=313 kw=DIRECTIONAL SHADOWS_OFF LIGHTMAP_ON DIRLIGHTMAP_ON ok=1
Cmd: compileSnippet
  api=1 type=1 insize=4420 outsize=473 kw=DIRECTIONAL SHADOWS_SCREEN LIGHTMAP_ON DIRLIGHTMAP_OFF ok=1
Cmd: compileSnippet
  api=0 type=0 insize=2455 outsize=835 kw=POINT ok=1
Cmd: compileSnippet
  api=0 type=0 insize=2455 outsize=835 kw=POINT_COOKIE ok=1
Cmd: compileSnippet
  api=1 type=1 insize=2455 outsize=689 kw=SPOT ok=1
Cmd: compileSnippet
  api=0 type=1 insize=2455 outsize=747 kw=POINT_COOKIE ok=1
Cmd: compileSnippet
  api=4 type=1 insize=2455 outsize=1558 kw=DIRECTIONAL_COOKIE ok=1
Cmd: compileSnippet
  api=4 type=0 insize=4168 outsize=2867 kw=LIGHTMAP_ON DIRLIGHTMAP_OFF HDR_LIGHT_PREPASS_OFF ok=1
Cmd: compileSnippet
  api=4 type=0 insize=4168 outsize=1867 kw=LIGHTMAP_ON DIRLIGHTMAP_ON HDR_LIGHT_PREPASS_OFF ok=1
Cmd: compileSnippet
  api=1 type=0 insize=4168 outsize=478 kw=LIGHTMAP_ON DIRLIGHTMAP_OFF HDR_LIGHT_PREPASS_ON ok=1
Cmd: compileSnippet
  api=0 type=1 insize=4168 outsize=542 kw=LIGHTMAP_ON DIRLIGHTMAP_ON HDR_LIGHT_PREPASS_OFF ok=1
Cmd: compileSnippet
  api=1 type=1 insize=4168 outsize=296 kw=LIGHTMAP_OFF DIRLIGHTMAP_OFF HDR_LIGHT_PREPASS_ON ok=1
Cmd: compileSnippet
  api=8 type=1 insize=4168 outsize=3421 kw=LIGHTMAP_ON DIRLIGHTMAP_OFF HDR_LIGHT_PREPASS_ON ok=1
Cmd: compileSnippet
  api=4 type=1 insize=1880 outsize=1185 kw= ok=1
Cmd: compileSnippet
  api=4 type=0 insize=3355 outsize=2087 kw=WATER_REFLECTIVE ok=1
Cmd: compileSnippet
  api=0 type=0 insize=3355 outsize=636 kw=WATER_SIMPLE ok=1
Cmd: compileSnippet
  api=8 type=1 insize=3355 outsize=3860 kw=WATER_REFLECTIVE ok=1
Cmd: compileSnippet
  api=8 type=0 insize=2283 outsize=3933 kw= ok=1
Cmd: compileSnippet
  api=0 type=1 insize=3992 outsize=92 kw=LIGHTMAP_OFF DIRLIGHTMAP_OFF HDR_LIGHT_PREPASS_OFF ok=1
Cmd: compileSnippet
  api=8 type=0 insize=4191 outsize=4623 kw=DIRECTIONAL SHADOWS_OFF LIGHTMAP_OFF DIRLIGHTMAP_OFF ok=1
Cmd: compileSnippet
  api=8 type=0 insize=4191 outsize=7938 kw=DIRECTIONAL SHADOWS_SCREEN LIGHTMAP_OFF DIRLIGHTMAP_OFF VERTEXLIGHT_ON ok=1
Cmd: compileSnippet
  api=4 type=1 insize=4191 outsize=608 kw=DIRECTIONAL SHADOWS_SCREEN LIGHTMAP_OFF DIRLIGHTMAP_OFF ok=1
Cmd: compileSnippet
  api=0 type=0 insize=2133 outsize=690 kw=DIRECTIONAL ok=1
Cmd: compileSnippet
  api=8 type=0 insize=2133 outsize=4038 kw=POINT_COOKIE ok=1
Cmd: compileSnippet
  api=8 type=1 insize=2133 outsize=732 kw=DIRECTIONAL ok=1
Cmd: compileSnippet
  api=8 type=1 insize=2133 outsize=780 kw=POINT_COOKIE ok=1
Cmd: compileSnippet
  api=4 type=1 insize=2004 outsize=1347 kw= ok=1
Unhandled exception: Readfile from pipe failed. GLE=The pipe has been ended.


Quitting shader compiler process
