Base path: C:/Program Files (x86)/Unity/Editor/Data
Pipe name: \\.\pipe\UnityShaderCompiler-4-2284
Cmd: getPlatforms
Cmd: compileSnippet
  api=4 type=0 insize=4420 outsize=2777 kw=DIRECTIONAL SHADOWS_OFF LIGHTMAP_OFF DIRLIGHTMAP_OFF ok=1
Cmd: compileSnippet
  api=4 type=0 insize=4420 outsize=2948 kw=DIRECTIONAL SHADOWS_SCREEN LIGHTMAP_OFF DIRLIGHTMAP_OFF ok=1
Cmd: compileSnippet
  api=0 type=0 insize=4420 outsize=498 kw=DIRECTIONAL SHADOWS_SCREEN LIGHTMAP_ON DIRLIGHTMAP_ON ok=1
Cmd: compileSnippet
  api=8 type=0 insize=4420 outsize=7061 kw=DIRECTIONAL SHADOWS_SCREEN LIGHTMAP_OFF DIRLIGHTMAP_OFF VERTEXLIGHT_ON ok=1
Cmd: compileSnippet
  api=4 type=1 insize=4420 outsize=1298 kw=DIRECTIONAL SHADOWS_OFF LIGHTMAP_ON DIRLIGHTMAP_OFF ok=1
Cmd: compileSnippet
  api=1 type=1 insize=4420 outsize=439 kw=DIRECTIONAL SHADOWS_SCREEN LIGHTMAP_OFF DIRLIGHTMAP_OFF ok=1
Cmd: compileSnippet
  api=0 type=1 insize=4420 outsize=607 kw=DIRECTIONAL SHADOWS_SCREEN LIGHTMAP_ON DIRLIGHTMAP_ON ok=1
Cmd: compileSnippet
  api=0 type=0 insize=2455 outsize=872 kw=SPOT ok=1
Cmd: compileSnippet
  api=1 type=0 insize=2455 outsize=463 kw=POINT_COOKIE ok=1
Cmd: compileSnippet
  api=0 type=1 insize=2455 outsize=671 kw=POINT ok=1
Cmd: compileSnippet
  api=8 type=1 insize=2455 outsize=3397 kw=SPOT ok=1
Cmd: compileSnippet
  api=4 type=1 insize=2009 outsize=632 kw= ok=1
Cmd: compileSnippet
  api=8 type=0 insize=4168 outsize=4144 kw=LIGHTMAP_ON DIRLIGHTMAP_OFF HDR_LIGHT_PREPASS_OFF ok=1
Cmd: compileSnippet
  api=0 type=0 insize=4168 outsize=813 kw=LIGHTMAP_ON DIRLIGHTMAP_OFF HDR_LIGHT_PREPASS_ON ok=1
Cmd: compileSnippet
  api=8 type=0 insize=4168 outsize=2633 kw=LIGHTMAP_ON DIRLIGHTMAP_ON HDR_LIGHT_PREPASS_ON ok=1
Cmd: compileSnippet
  api=8 type=1 insize=4168 outsize=3543 kw=LIGHTMAP_ON DIRLIGHTMAP_OFF HDR_LIGHT_PREPASS_OFF ok=1
Cmd: compileSnippet
  api=1 type=1 insize=4168 outsize=561 kw=LIGHTMAP_ON DIRLIGHTMAP_OFF HDR_LIGHT_PREPASS_ON ok=1
Cmd: compileSnippet
  api=4 type=0 insize=3355 outsize=2087 kw=WATER_REFRACTIVE ok=1
Cmd: compileSnippet
  api=1 type=0 insize=3355 outsize=341 kw=WATER_SIMPLE ok=1
Cmd: compileSnippet
  api=1 type=1 insize=3355 outsize=756 kw=WATER_REFLECTIVE ok=1
Cmd: compileSnippet
  api=8 type=1 insize=3355 outsize=3323 kw=WATER_SIMPLE ok=1
Cmd: compileSnippet
  api=0 type=1 insize=2283 outsize=250 kw= ok=1
Cmd: compileSnippet
  api=4 type=0 insize=3992 outsize=2663 kw=LIGHTMAP_OFF DIRLIGHTMAP_OFF HDR_LIGHT_PREPASS_ON ok=1
Cmd: compileSnippet
  api=0 type=0 insize=4191 outsize=1102 kw=DIRECTIONAL SHADOWS_OFF LIGHTMAP_OFF DIRLIGHTMAP_OFF ok=1
Cmd: compileSnippet
  api=8 type=0 insize=4191 outsize=7370 kw=DIRECTIONAL SHADOWS_OFF LIGHTMAP_OFF DIRLIGHTMAP_OFF VERTEXLIGHT_ON ok=1
Cmd: compileSnippet
  api=8 type=1 insize=4191 outsize=829 kw=DIRECTIONAL SHADOWS_SCREEN LIGHTMAP_OFF DIRLIGHTMAP_OFF ok=1
Cmd: compileSnippet
  api=8 type=0 insize=2133 outsize=2852 kw=DIRECTIONAL ok=1
Cmd: compileSnippet
  api=0 type=0 insize=2133 outsize=980 kw=POINT_COOKIE ok=1
Cmd: compileSnippet
  api=0 type=1 insize=2133 outsize=92 kw=POINT ok=1
Cmd: compileSnippet
  api=8 type=1 insize=2133 outsize=780 kw=SPOT ok=1
Cmd: compileSnippet
  api=0 type=0 insize=2004 outsize=406 kw= ok=1
Cmd: compileSnippet
  api=0 type=0 insize=952 outsize=397 kw= ok=1
Unhandled exception: Readfile from pipe failed. GLE=The pipe has been ended.


Quitting shader compiler process
